{"C:\\Users\\LuizFelipe\\Documents\\nodeappkaoipi\\app\\controllers\\IndexController.js":{"path":"C:\\Users\\LuizFelipe\\Documents\\nodeappkaoipi\\app\\controllers\\IndexController.js","s":{"1":1,"2":1,"3":0,"4":1,"5":1,"6":1,"7":1,"8":1,"9":1,"10":1,"11":1,"12":1,"13":1,"14":1,"15":1,"16":1,"17":1,"18":1,"19":1,"20":1,"21":0,"22":0,"23":4,"24":4,"25":3,"26":3,"27":4,"28":4,"29":4,"30":4,"31":2,"32":2,"33":3,"34":3,"35":1,"36":1,"37":1,"38":1,"39":1,"40":1,"41":1,"42":1,"43":1,"44":1,"45":1,"46":1,"47":1,"48":1,"49":1},"b":{},"f":{"1":1,"2":0,"3":1,"4":1,"5":1,"6":1,"7":1,"8":1,"9":0,"10":4,"11":3,"12":4,"13":4,"14":2,"15":3,"16":1,"17":1,"18":1,"19":1,"20":1,"21":1,"22":1},"fnMap":{"1":{"name":"(anonymous_1)","line":2,"loc":{"start":{"line":2,"column":17},"end":{"line":2,"column":33}}},"2":{"name":"(anonymous_2)","line":4,"loc":{"start":{"line":4,"column":10},"end":{"line":4,"column":37}}},"3":{"name":"(anonymous_3)","line":8,"loc":{"start":{"line":8,"column":11},"end":{"line":8,"column":38}}},"4":{"name":"(anonymous_4)","line":16,"loc":{"start":{"line":16,"column":9},"end":{"line":16,"column":36}}},"5":{"name":"(anonymous_5)","line":24,"loc":{"start":{"line":24,"column":10},"end":{"line":24,"column":37}}},"6":{"name":"(anonymous_6)","line":32,"loc":{"start":{"line":32,"column":9},"end":{"line":32,"column":36}}},"7":{"name":"(anonymous_7)","line":40,"loc":{"start":{"line":40,"column":10},"end":{"line":40,"column":37}}},"8":{"name":"(anonymous_8)","line":47,"loc":{"start":{"line":47,"column":9},"end":{"line":47,"column":36}}},"9":{"name":"(anonymous_9)","line":55,"loc":{"start":{"line":55,"column":9},"end":{"line":55,"column":36}}},"10":{"name":"(anonymous_10)","line":62,"loc":{"start":{"line":62,"column":17},"end":{"line":62,"column":36}}},"11":{"name":"(anonymous_11)","line":66,"loc":{"start":{"line":66,"column":13},"end":{"line":66,"column":32}}},"12":{"name":"(anonymous_12)","line":70,"loc":{"start":{"line":70,"column":14},"end":{"line":70,"column":33}}},"13":{"name":"(anonymous_13)","line":74,"loc":{"start":{"line":74,"column":13},"end":{"line":74,"column":32}}},"14":{"name":"(anonymous_14)","line":78,"loc":{"start":{"line":78,"column":14},"end":{"line":78,"column":28}}},"15":{"name":"(anonymous_15)","line":82,"loc":{"start":{"line":82,"column":13},"end":{"line":82,"column":32}}},"16":{"name":"(anonymous_16)","line":86,"loc":{"start":{"line":86,"column":13},"end":{"line":86,"column":27}}},"17":{"name":"(anonymous_17)","line":90,"loc":{"start":{"line":90,"column":14},"end":{"line":90,"column":25}}},"18":{"name":"(anonymous_18)","line":94,"loc":{"start":{"line":94,"column":16},"end":{"line":94,"column":27}}},"19":{"name":"(anonymous_19)","line":98,"loc":{"start":{"line":98,"column":17},"end":{"line":98,"column":28}}},"20":{"name":"(anonymous_20)","line":102,"loc":{"start":{"line":102,"column":19},"end":{"line":102,"column":30}}},"21":{"name":"(anonymous_21)","line":106,"loc":{"start":{"line":106,"column":16},"end":{"line":106,"column":27}}},"22":{"name":"(anonymous_22)","line":110,"loc":{"start":{"line":110,"column":18},"end":{"line":110,"column":29}}}},"statementMap":{"1":{"start":{"line":2,"column":0},"end":{"line":117,"column":2}},"2":{"start":{"line":3,"column":4},"end":{"line":115,"column":3}},"3":{"start":{"line":5,"column":7},"end":{"line":5,"column":43}},"4":{"start":{"line":9,"column":7},"end":{"line":9,"column":46}},"5":{"start":{"line":10,"column":7},"end":{"line":10,"column":46}},"6":{"start":{"line":12,"column":7},"end":{"line":14,"column":10}},"7":{"start":{"line":17,"column":7},"end":{"line":17,"column":46}},"8":{"start":{"line":18,"column":7},"end":{"line":18,"column":46}},"9":{"start":{"line":20,"column":7},"end":{"line":22,"column":10}},"10":{"start":{"line":25,"column":7},"end":{"line":25,"column":46}},"11":{"start":{"line":26,"column":7},"end":{"line":26,"column":46}},"12":{"start":{"line":28,"column":7},"end":{"line":30,"column":10}},"13":{"start":{"line":33,"column":7},"end":{"line":33,"column":46}},"14":{"start":{"line":34,"column":7},"end":{"line":34,"column":46}},"15":{"start":{"line":36,"column":7},"end":{"line":38,"column":10}},"16":{"start":{"line":41,"column":7},"end":{"line":41,"column":46}},"17":{"start":{"line":43,"column":7},"end":{"line":45,"column":10}},"18":{"start":{"line":48,"column":7},"end":{"line":48,"column":46}},"19":{"start":{"line":49,"column":7},"end":{"line":49,"column":46}},"20":{"start":{"line":51,"column":7},"end":{"line":53,"column":10}},"21":{"start":{"line":56,"column":7},"end":{"line":56,"column":46}},"22":{"start":{"line":58,"column":7},"end":{"line":60,"column":10}},"23":{"start":{"line":63,"column":4},"end":{"line":63,"column":32}},"24":{"start":{"line":64,"column":4},"end":{"line":64,"column":21}},"25":{"start":{"line":67,"column":4},"end":{"line":67,"column":32}},"26":{"start":{"line":68,"column":4},"end":{"line":68,"column":21}},"27":{"start":{"line":71,"column":4},"end":{"line":71,"column":32}},"28":{"start":{"line":72,"column":4},"end":{"line":72,"column":21}},"29":{"start":{"line":75,"column":4},"end":{"line":75,"column":32}},"30":{"start":{"line":76,"column":4},"end":{"line":76,"column":21}},"31":{"start":{"line":79,"column":4},"end":{"line":79,"column":36}},"32":{"start":{"line":80,"column":4},"end":{"line":80,"column":21}},"33":{"start":{"line":83,"column":4},"end":{"line":83,"column":40}},"34":{"start":{"line":84,"column":4},"end":{"line":84,"column":21}},"35":{"start":{"line":87,"column":4},"end":{"line":87,"column":35}},"36":{"start":{"line":88,"column":4},"end":{"line":88,"column":21}},"37":{"start":{"line":91,"column":4},"end":{"line":91,"column":28}},"38":{"start":{"line":92,"column":4},"end":{"line":92,"column":21}},"39":{"start":{"line":95,"column":4},"end":{"line":95,"column":38}},"40":{"start":{"line":96,"column":4},"end":{"line":96,"column":21}},"41":{"start":{"line":99,"column":4},"end":{"line":99,"column":32}},"42":{"start":{"line":100,"column":4},"end":{"line":100,"column":21}},"43":{"start":{"line":103,"column":4},"end":{"line":103,"column":46}},"44":{"start":{"line":104,"column":4},"end":{"line":104,"column":21}},"45":{"start":{"line":107,"column":4},"end":{"line":107,"column":31}},"46":{"start":{"line":108,"column":4},"end":{"line":108,"column":21}},"47":{"start":{"line":111,"column":4},"end":{"line":111,"column":44}},"48":{"start":{"line":112,"column":4},"end":{"line":112,"column":21}},"49":{"start":{"line":116,"column":4},"end":{"line":116,"column":22}}},"branchMap":{}}}