{"C:\\Users\\LuizFelipe\\Documents\\nodeappkaoipi\\app\\controllers\\IndexController.js":{"path":"C:\\Users\\LuizFelipe\\Documents\\nodeappkaoipi\\app\\controllers\\IndexController.js","s":{"1":1,"2":1,"3":0,"4":1,"5":1,"6":1,"7":1,"8":1,"9":1,"10":0,"11":0,"12":0,"13":0,"14":0,"15":0,"16":0,"17":0,"18":0,"19":0,"20":0,"21":0,"22":0,"23":4,"24":4,"25":3,"26":3,"27":3,"28":3,"29":3,"30":3,"31":1,"32":1,"33":2,"34":2,"35":1,"36":1,"37":0,"38":0,"39":0,"40":0,"41":0,"42":0,"43":0,"44":0,"45":0,"46":0,"47":0,"48":0,"49":0,"50":0,"51":0,"52":0,"53":0,"54":0,"55":0,"56":0,"57":0,"58":0,"59":0,"60":0,"61":0,"62":0,"63":0,"64":0,"65":0,"66":0,"67":0,"68":0,"69":0,"70":0,"71":0,"72":0,"73":0,"74":0,"75":0,"76":0,"77":0,"78":0,"79":0,"80":0,"81":0,"82":0,"83":0,"84":0,"85":0,"86":0,"87":0,"88":0,"89":0,"90":0,"91":1,"92":1,"93":1,"94":1,"95":1,"96":1,"97":1,"98":1,"99":1,"100":1,"101":1,"102":1,"103":1},"b":{},"f":{"1":1,"2":0,"3":1,"4":1,"5":0,"6":0,"7":0,"8":0,"9":0,"10":4,"11":3,"12":3,"13":3,"14":1,"15":2,"16":1,"17":0,"18":1,"19":1,"20":1,"21":1,"22":1,"23":1},"fnMap":{"1":{"name":"(anonymous_1)","line":2,"loc":{"start":{"line":2,"column":17},"end":{"line":2,"column":33}}},"2":{"name":"(anonymous_2)","line":4,"loc":{"start":{"line":4,"column":10},"end":{"line":4,"column":37}}},"3":{"name":"(anonymous_3)","line":8,"loc":{"start":{"line":8,"column":11},"end":{"line":8,"column":38}}},"4":{"name":"(anonymous_4)","line":16,"loc":{"start":{"line":16,"column":9},"end":{"line":16,"column":36}}},"5":{"name":"(anonymous_5)","line":24,"loc":{"start":{"line":24,"column":10},"end":{"line":24,"column":37}}},"6":{"name":"(anonymous_6)","line":32,"loc":{"start":{"line":32,"column":9},"end":{"line":32,"column":36}}},"7":{"name":"(anonymous_7)","line":40,"loc":{"start":{"line":40,"column":10},"end":{"line":40,"column":37}}},"8":{"name":"(anonymous_8)","line":47,"loc":{"start":{"line":47,"column":9},"end":{"line":47,"column":36}}},"9":{"name":"(anonymous_9)","line":55,"loc":{"start":{"line":55,"column":9},"end":{"line":55,"column":36}}},"10":{"name":"(anonymous_10)","line":62,"loc":{"start":{"line":62,"column":17},"end":{"line":62,"column":36}}},"11":{"name":"(anonymous_11)","line":66,"loc":{"start":{"line":66,"column":13},"end":{"line":66,"column":32}}},"12":{"name":"(anonymous_12)","line":70,"loc":{"start":{"line":70,"column":14},"end":{"line":70,"column":33}}},"13":{"name":"(anonymous_13)","line":74,"loc":{"start":{"line":74,"column":13},"end":{"line":74,"column":32}}},"14":{"name":"(anonymous_14)","line":78,"loc":{"start":{"line":78,"column":14},"end":{"line":78,"column":28}}},"15":{"name":"(anonymous_15)","line":82,"loc":{"start":{"line":82,"column":13},"end":{"line":82,"column":32}}},"16":{"name":"(anonymous_16)","line":86,"loc":{"start":{"line":86,"column":13},"end":{"line":86,"column":27}}},"17":{"name":"(anonymous_17)","line":90,"loc":{"start":{"line":90,"column":20},"end":{"line":90,"column":34}}},"18":{"name":"(anonymous_18)","line":103,"loc":{"start":{"line":103,"column":14},"end":{"line":103,"column":25}}},"19":{"name":"(anonymous_19)","line":107,"loc":{"start":{"line":107,"column":16},"end":{"line":107,"column":27}}},"20":{"name":"(anonymous_20)","line":111,"loc":{"start":{"line":111,"column":17},"end":{"line":111,"column":28}}},"21":{"name":"(anonymous_21)","line":115,"loc":{"start":{"line":115,"column":19},"end":{"line":115,"column":30}}},"22":{"name":"(anonymous_22)","line":119,"loc":{"start":{"line":119,"column":16},"end":{"line":119,"column":27}}},"23":{"name":"(anonymous_23)","line":123,"loc":{"start":{"line":123,"column":18},"end":{"line":123,"column":29}}}},"statementMap":{"1":{"start":{"line":2,"column":0},"end":{"line":130,"column":2}},"2":{"start":{"line":3,"column":4},"end":{"line":128,"column":3}},"3":{"start":{"line":5,"column":7},"end":{"line":5,"column":43}},"4":{"start":{"line":9,"column":7},"end":{"line":9,"column":46}},"5":{"start":{"line":10,"column":7},"end":{"line":10,"column":46}},"6":{"start":{"line":12,"column":7},"end":{"line":14,"column":10}},"7":{"start":{"line":17,"column":7},"end":{"line":17,"column":46}},"8":{"start":{"line":18,"column":7},"end":{"line":18,"column":46}},"9":{"start":{"line":20,"column":7},"end":{"line":22,"column":10}},"10":{"start":{"line":25,"column":7},"end":{"line":25,"column":46}},"11":{"start":{"line":26,"column":7},"end":{"line":26,"column":46}},"12":{"start":{"line":28,"column":7},"end":{"line":30,"column":10}},"13":{"start":{"line":33,"column":7},"end":{"line":33,"column":46}},"14":{"start":{"line":34,"column":7},"end":{"line":34,"column":46}},"15":{"start":{"line":36,"column":7},"end":{"line":38,"column":10}},"16":{"start":{"line":41,"column":7},"end":{"line":41,"column":46}},"17":{"start":{"line":43,"column":7},"end":{"line":45,"column":10}},"18":{"start":{"line":48,"column":7},"end":{"line":48,"column":46}},"19":{"start":{"line":49,"column":7},"end":{"line":49,"column":46}},"20":{"start":{"line":51,"column":7},"end":{"line":53,"column":10}},"21":{"start":{"line":56,"column":7},"end":{"line":56,"column":46}},"22":{"start":{"line":58,"column":7},"end":{"line":60,"column":10}},"23":{"start":{"line":63,"column":4},"end":{"line":63,"column":32}},"24":{"start":{"line":64,"column":4},"end":{"line":64,"column":21}},"25":{"start":{"line":67,"column":4},"end":{"line":67,"column":32}},"26":{"start":{"line":68,"column":4},"end":{"line":68,"column":21}},"27":{"start":{"line":71,"column":4},"end":{"line":71,"column":32}},"28":{"start":{"line":72,"column":4},"end":{"line":72,"column":21}},"29":{"start":{"line":75,"column":4},"end":{"line":75,"column":32}},"30":{"start":{"line":76,"column":4},"end":{"line":76,"column":21}},"31":{"start":{"line":79,"column":4},"end":{"line":79,"column":36}},"32":{"start":{"line":80,"column":4},"end":{"line":80,"column":21}},"33":{"start":{"line":83,"column":4},"end":{"line":83,"column":40}},"34":{"start":{"line":84,"column":4},"end":{"line":84,"column":21}},"35":{"start":{"line":87,"column":4},"end":{"line":87,"column":35}},"36":{"start":{"line":88,"column":4},"end":{"line":88,"column":21}},"37":{"start":{"line":91,"column":4},"end":{"line":91,"column":33}},"38":{"start":{"line":92,"column":6},"end":{"line":92,"column":21}},"39":{"start":{"line":92,"column":21},"end":{"line":92,"column":36}},"40":{"start":{"line":92,"column":36},"end":{"line":92,"column":51}},"41":{"start":{"line":92,"column":51},"end":{"line":92,"column":66}},"42":{"start":{"line":92,"column":66},"end":{"line":92,"column":81}},"43":{"start":{"line":93,"column":4},"end":{"line":93,"column":19}},"44":{"start":{"line":93,"column":19},"end":{"line":93,"column":34}},"45":{"start":{"line":93,"column":34},"end":{"line":93,"column":49}},"46":{"start":{"line":93,"column":49},"end":{"line":93,"column":64}},"47":{"start":{"line":93,"column":64},"end":{"line":93,"column":79}},"48":{"start":{"line":93,"column":79},"end":{"line":93,"column":94}},"49":{"start":{"line":93,"column":94},"end":{"line":93,"column":109}},"50":{"start":{"line":94,"column":4},"end":{"line":94,"column":19}},"51":{"start":{"line":94,"column":19},"end":{"line":94,"column":34}},"52":{"start":{"line":94,"column":34},"end":{"line":94,"column":49}},"53":{"start":{"line":94,"column":49},"end":{"line":94,"column":64}},"54":{"start":{"line":94,"column":64},"end":{"line":94,"column":79}},"55":{"start":{"line":94,"column":79},"end":{"line":94,"column":94}},"56":{"start":{"line":94,"column":94},"end":{"line":94,"column":109}},"57":{"start":{"line":95,"column":4},"end":{"line":95,"column":19}},"58":{"start":{"line":95,"column":19},"end":{"line":95,"column":34}},"59":{"start":{"line":95,"column":34},"end":{"line":95,"column":49}},"60":{"start":{"line":95,"column":49},"end":{"line":95,"column":64}},"61":{"start":{"line":95,"column":64},"end":{"line":95,"column":79}},"62":{"start":{"line":96,"column":4},"end":{"line":96,"column":19}},"63":{"start":{"line":96,"column":19},"end":{"line":96,"column":34}},"64":{"start":{"line":96,"column":34},"end":{"line":96,"column":49}},"65":{"start":{"line":96,"column":49},"end":{"line":96,"column":64}},"66":{"start":{"line":96,"column":64},"end":{"line":96,"column":79}},"67":{"start":{"line":96,"column":79},"end":{"line":96,"column":94}},"68":{"start":{"line":96,"column":94},"end":{"line":96,"column":109}},"69":{"start":{"line":97,"column":4},"end":{"line":97,"column":19}},"70":{"start":{"line":97,"column":19},"end":{"line":97,"column":34}},"71":{"start":{"line":97,"column":34},"end":{"line":97,"column":49}},"72":{"start":{"line":97,"column":49},"end":{"line":97,"column":64}},"73":{"start":{"line":97,"column":64},"end":{"line":97,"column":79}},"74":{"start":{"line":97,"column":79},"end":{"line":97,"column":94}},"75":{"start":{"line":98,"column":4},"end":{"line":98,"column":19}},"76":{"start":{"line":98,"column":19},"end":{"line":98,"column":34}},"77":{"start":{"line":98,"column":34},"end":{"line":98,"column":49}},"78":{"start":{"line":99,"column":4},"end":{"line":99,"column":19}},"79":{"start":{"line":99,"column":19},"end":{"line":99,"column":34}},"80":{"start":{"line":99,"column":34},"end":{"line":99,"column":49}},"81":{"start":{"line":99,"column":49},"end":{"line":99,"column":64}},"82":{"start":{"line":99,"column":64},"end":{"line":99,"column":79}},"83":{"start":{"line":99,"column":79},"end":{"line":99,"column":94}},"84":{"start":{"line":100,"column":4},"end":{"line":100,"column":19}},"85":{"start":{"line":100,"column":19},"end":{"line":100,"column":34}},"86":{"start":{"line":100,"column":34},"end":{"line":100,"column":49}},"87":{"start":{"line":100,"column":49},"end":{"line":100,"column":64}},"88":{"start":{"line":100,"column":64},"end":{"line":100,"column":79}},"89":{"start":{"line":100,"column":79},"end":{"line":100,"column":94}},"90":{"start":{"line":101,"column":4},"end":{"line":101,"column":21}},"91":{"start":{"line":104,"column":4},"end":{"line":104,"column":28}},"92":{"start":{"line":105,"column":4},"end":{"line":105,"column":21}},"93":{"start":{"line":108,"column":4},"end":{"line":108,"column":38}},"94":{"start":{"line":109,"column":4},"end":{"line":109,"column":21}},"95":{"start":{"line":112,"column":4},"end":{"line":112,"column":32}},"96":{"start":{"line":113,"column":4},"end":{"line":113,"column":21}},"97":{"start":{"line":116,"column":4},"end":{"line":116,"column":46}},"98":{"start":{"line":117,"column":4},"end":{"line":117,"column":21}},"99":{"start":{"line":120,"column":4},"end":{"line":120,"column":31}},"100":{"start":{"line":121,"column":4},"end":{"line":121,"column":21}},"101":{"start":{"line":124,"column":4},"end":{"line":124,"column":44}},"102":{"start":{"line":125,"column":4},"end":{"line":125,"column":21}},"103":{"start":{"line":129,"column":4},"end":{"line":129,"column":22}}},"branchMap":{}}}