TN:
SF:C:\Users\LuizFelipe\Documents\nodeappkaoipi\app\controllers\IndexController.js
FN:2,(anonymous_1)
FN:4,(anonymous_2)
FN:8,(anonymous_3)
FN:16,(anonymous_4)
FN:24,(anonymous_5)
FN:32,(anonymous_6)
FN:40,(anonymous_7)
FN:47,(anonymous_8)
FN:55,(anonymous_9)
FN:62,(anonymous_10)
FN:66,(anonymous_11)
FN:70,(anonymous_12)
FN:74,(anonymous_13)
FN:78,(anonymous_14)
FN:82,(anonymous_15)
FN:86,(anonymous_16)
FN:90,(anonymous_17)
FN:94,(anonymous_18)
FN:98,(anonymous_19)
FN:102,(anonymous_20)
FN:106,(anonymous_21)
FN:110,(anonymous_22)
FNF:22
FNH:20
FNDA:1,(anonymous_1)
FNDA:0,(anonymous_2)
FNDA:1,(anonymous_3)
FNDA:1,(anonymous_4)
FNDA:1,(anonymous_5)
FNDA:1,(anonymous_6)
FNDA:1,(anonymous_7)
FNDA:1,(anonymous_8)
FNDA:0,(anonymous_9)
FNDA:4,(anonymous_10)
FNDA:3,(anonymous_11)
FNDA:4,(anonymous_12)
FNDA:4,(anonymous_13)
FNDA:2,(anonymous_14)
FNDA:3,(anonymous_15)
FNDA:1,(anonymous_16)
FNDA:1,(anonymous_17)
FNDA:1,(anonymous_18)
FNDA:1,(anonymous_19)
FNDA:1,(anonymous_20)
FNDA:1,(anonymous_21)
FNDA:1,(anonymous_22)
DA:2,1
DA:3,1
DA:5,0
DA:9,1
DA:10,1
DA:12,1
DA:17,1
DA:18,1
DA:20,1
DA:25,1
DA:26,1
DA:28,1
DA:33,1
DA:34,1
DA:36,1
DA:41,1
DA:43,1
DA:48,1
DA:49,1
DA:51,1
DA:56,0
DA:58,0
DA:63,4
DA:64,4
DA:67,3
DA:68,3
DA:71,4
DA:72,4
DA:75,4
DA:76,4
DA:79,2
DA:80,2
DA:83,3
DA:84,3
DA:87,1
DA:88,1
DA:91,1
DA:92,1
DA:95,1
DA:96,1
DA:99,1
DA:100,1
DA:103,1
DA:104,1
DA:107,1
DA:108,1
DA:111,1
DA:112,1
DA:116,1
LF:49
LH:46
BRF:0
BRH:0
end_of_record
