TN:
SF:C:\Users\LuizFelipe\Documents\nodeappkaoipi\app\controllers\IndexController.js
FN:2,(anonymous_1)
FN:4,(anonymous_2)
FN:8,(anonymous_3)
FN:16,(anonymous_4)
FN:24,(anonymous_5)
FN:32,(anonymous_6)
FN:40,(anonymous_7)
FN:47,(anonymous_8)
FN:55,(anonymous_9)
FN:62,(anonymous_10)
FN:66,(anonymous_11)
FN:70,(anonymous_12)
FN:74,(anonymous_13)
FN:78,(anonymous_14)
FN:82,(anonymous_15)
FN:86,(anonymous_16)
FN:90,(anonymous_17)
FN:103,(anonymous_18)
FN:107,(anonymous_19)
FN:111,(anonymous_20)
FN:115,(anonymous_21)
FN:119,(anonymous_22)
FN:123,(anonymous_23)
FNF:23
FNH:15
FNDA:1,(anonymous_1)
FNDA:0,(anonymous_2)
FNDA:0,(anonymous_3)
FNDA:0,(anonymous_4)
FNDA:0,(anonymous_5)
FNDA:0,(anonymous_6)
FNDA:0,(anonymous_7)
FNDA:0,(anonymous_8)
FNDA:0,(anonymous_9)
FNDA:3,(anonymous_10)
FNDA:2,(anonymous_11)
FNDA:3,(anonymous_12)
FNDA:3,(anonymous_13)
FNDA:1,(anonymous_14)
FNDA:2,(anonymous_15)
FNDA:1,(anonymous_16)
FNDA:1,(anonymous_17)
FNDA:1,(anonymous_18)
FNDA:1,(anonymous_19)
FNDA:1,(anonymous_20)
FNDA:1,(anonymous_21)
FNDA:1,(anonymous_22)
FNDA:1,(anonymous_23)
DA:2,1
DA:3,1
DA:5,0
DA:9,0
DA:10,0
DA:12,0
DA:17,0
DA:18,0
DA:20,0
DA:25,0
DA:26,0
DA:28,0
DA:33,0
DA:34,0
DA:36,0
DA:41,0
DA:43,0
DA:48,0
DA:49,0
DA:51,0
DA:56,0
DA:58,0
DA:63,3
DA:64,3
DA:67,2
DA:68,2
DA:71,3
DA:72,3
DA:75,3
DA:76,3
DA:79,1
DA:80,1
DA:83,2
DA:84,2
DA:87,1
DA:88,1
DA:91,1
DA:92,1
DA:93,1
DA:94,1
DA:95,1
DA:96,1
DA:97,1
DA:98,1
DA:99,1
DA:100,1
DA:101,1
DA:104,1
DA:105,1
DA:108,1
DA:109,1
DA:112,1
DA:113,1
DA:116,1
DA:117,1
DA:120,1
DA:121,1
DA:124,1
DA:125,1
DA:129,1
LF:60
LH:40
BRF:0
BRH:0
end_of_record
